<?xml version="1.0" encoding="UTF-8"?>
<testsuite xmlns:xsi="http://www.w3.org/2001/XMLSchema-instance" xsi:noNamespaceSchemaLocation="https://maven.apache.org/surefire/maven-surefire-plugin/xsd/surefire-test-report.xsd" version="3.0.2" name="com.example.jugadoresMySQL.service.JugadorServiceBasicTest" time="0.492" tests="6" errors="0" skipped="0" failures="0">
  <properties>
[...]
</properties>
  <testcase name="findById should return player when exists" classname="com.example.jugadoresMySQL.service.JugadorServiceBasicTest" time="0.431"/>
  <testcase name="findById should throw exception when player not found" classname="com.example.jugadoresMySQL.service.JugadorServiceBasicTest" time="0.03"/>
  <testcase name="delete should throw exception when player not found" classname="com.example.jugadoresMySQL.service.JugadorServiceBasicTest" time="0.007"/>
  <testcase name="delete should remove player when exists" classname="com.example.jugadoresMySQL.service.JugadorServiceBasicTest" time="0.005"/>
  <testcase name="findAll should return all players" classname="com.example.jugadoresMySQL.service.JugadorServiceBasicTest" time="0.002"/>
  <testcase name="save should create new player when id is null" classname="com.example.jugadoresMySQL.service.JugadorServiceBasicTest" time="0.006"/>
</testsuite>