<?xml version="1.0" encoding="UTF-8"?>
<testsuite xmlns:xsi="http://www.w3.org/2001/XMLSchema-instance" xsi:noNamespaceSchemaLocation="https://maven.apache.org/surefire/maven-surefire-plugin/xsd/surefire-test-report.xsd" version="3.0.2" name="com.example.jugadoresMySQL.integration.JugadorApiBasicTest" time="4.983" tests="6" errors="0" skipped="0" failures="0">
  <properties>
[...]
</properties>
  <testcase name="should create player" classname="com.example.jugadoresMySQL.integration.JugadorApiBasicTest" time="0.671">
    <system-out><![CDATA[17:22:06.520 [main] INFO org.springframework.test.context.support.AnnotationConfigContextLoaderUtils -- Could not detect default configuration classes for test class [com.example.jugadoresMySQL.integration.JugadorApiBasicTest]: JugadorApiBasicTest does not declare any static, non-private, non-final, nested classes annotated with @Configuration.
17:22:06.600 [main] INFO org.springframework.boot.test.context.SpringBootTestContextBootstrapper -- Found @SpringBootConfiguration com.example.jugadoresMySQL.JugadoresMySqlApplication for test class com.example.jugadoresMySQL.integration.JugadorApiBasicTest
17:22:06.877 [main] INFO org.springframework.boot.devtools.restart.RestartApplicationListener -- Restart disabled due to context in which it is running

  .   ____          _            __ _ _
 /\\ / ___'_ __ _ _(_)_ __  __ _ \ \ \ \
( ( )\___ | '_ | '_| | '_ \/ _` | \ \ \ \
 \\/  ___)| |_)| | | | | || (_| |  ) ) ) )
  '  |____| .__|_| |_|_| |_\__, | / / / /
 =========|_|==============|___/=/_/_/_/

 :: Spring Boot ::                (v4.0.2)

2026-02-04T17:22:07.133+01:00  INFO 38452 --- [jugadoresMySQL-test] [           main] c.e.j.integration.JugadorApiBasicTest    : Starting JugadorApiBasicTest using Java 21.0.10 with PID 38452 (started by globo in C:\Users\globo\AndroidStudioProjects\Trinidad\backend)
2026-02-04T17:22:07.134+01:00 DEBUG 38452 --- [jugadoresMySQL-test] [           main] c.e.j.integration.JugadorApiBasicTest    : Running with Spring Boot v4.0.2, Spring v7.0.3
2026-02-04T17:22:07.134+01:00  INFO 38452 --- [jugadoresMySQL-test] [           main] c.e.j.integration.JugadorApiBasicTest    : The following 1 profile is active: "test"
2026-02-04T17:22:07.590+01:00  INFO 38452 --- [jugadoresMySQL-test] [           main] .s.d.r.c.RepositoryConfigurationDelegate : Bootstrapping Spring Data JPA repositories in DEFAULT mode.
2026-02-04T17:22:07.633+01:00  INFO 38452 --- [jugadoresMySQL-test] [           main] .s.d.r.c.RepositoryConfigurationDelegate : Finished Spring Data repository scanning in 34 ms. Found 1 JPA repository interface.
2026-02-04T17:22:08.060+01:00  INFO 38452 --- [jugadoresMySQL-test] [           main] o.s.boot.tomcat.TomcatWebServer          : Tomcat initialized with port 0 (http)
2026-02-04T17:22:08.070+01:00  INFO 38452 --- [jugadoresMySQL-test] [           main] o.apache.catalina.core.StandardService   : Starting service [Tomcat]
2026-02-04T17:22:08.071+01:00  INFO 38452 --- [jugadoresMySQL-test] [           main] o.apache.catalina.core.StandardEngine    : Starting Servlet engine: [Apache Tomcat/11.0.15]
2026-02-04T17:22:08.127+01:00  INFO 38452 --- [jugadoresMySQL-test] [           main] b.w.c.s.WebApplicationContextInitializer : Root WebApplicationContext: initialization completed in 977 ms
2026-02-04T17:22:08.318+01:00  INFO 38452 --- [jugadoresMySQL-test] [           main] org.hibernate.orm.jpa                    : HHH008540: Processing PersistenceUnitInfo [name: default]
2026-02-04T17:22:08.369+01:00  INFO 38452 --- [jugadoresMySQL-test] [           main] org.hibernate.orm.core                   : HHH000001: Hibernate ORM core version 7.2.1.Final
2026-02-04T17:22:08.887+01:00  INFO 38452 --- [jugadoresMySQL-test] [           main] o.s.o.j.p.SpringPersistenceUnitInfo      : No LoadTimeWeaver setup: ignoring JPA class transformer
2026-02-04T17:22:08.914+01:00  INFO 38452 --- [jugadoresMySQL-test] [           main] com.zaxxer.hikari.HikariDataSource       : HikariPool-1 - Starting...
2026-02-04T17:22:09.037+01:00  INFO 38452 --- [jugadoresMySQL-test] [           main] com.zaxxer.hikari.pool.HikariPool        : HikariPool-1 - Added connection conn0: url=jdbc:h2:mem:testdb user=SA
2026-02-04T17:22:09.039+01:00  INFO 38452 --- [jugadoresMySQL-test] [           main] com.zaxxer.hikari.HikariDataSource       : HikariPool-1 - Start completed.
2026-02-04T17:22:09.054+01:00  WARN 38452 --- [jugadoresMySQL-test] [           main] org.hibernate.orm.deprecation            : HHH90000025: H2Dialect does not need to be specified explicitly using 'hibernate.dialect' (remove the property setting and it will be selected by default)
2026-02-04T17:22:09.070+01:00  INFO 38452 --- [jugadoresMySQL-test] [           main] org.hibernate.orm.connections.pooling    : HHH10001005: Database info:
	Database JDBC URL [jdbc:h2:mem:testdb]
	Database driver: H2 JDBC Driver
	Database dialect: H2Dialect
	Database version: 2.4.240
	Default catalog/schema: TESTDB/PUBLIC
	Autocommit mode: undefined/unknown
	Isolation level: READ_COMMITTED [default READ_COMMITTED]
	JDBC fetch size: 100
	Pool: DataSourceConnectionProvider
	Minimum pool size: undefined/unknown
	Maximum pool size: undefined/unknown
2026-02-04T17:22:09.723+01:00  INFO 38452 --- [jugadoresMySQL-test] [           main] org.hibernate.orm.core                   : HHH000489: No JTA platform available (set 'hibernate.transaction.jta.platform' to enable JTA platform integration)
2026-02-04T17:22:09.740+01:00 DEBUG 38452 --- [jugadoresMySQL-test] [           main] org.hibernate.SQL                        : 
    drop table if exists jugadores cascade 
Hibernate: 
    drop table if exists jugadores cascade 
2026-02-04T17:22:09.745+01:00 DEBUG 38452 --- [jugadoresMySQL-test] [           main] org.hibernate.SQL                        : 
    create table jugadores (
        dorsal integer,
        edad integer,
        id_jugador integer generated by default as identity,
        nombre_equipo varchar(255),
        nombre_jugador varchar(255),
        posicion varchar(255),
        primary key (id_jugador)
    )
Hibernate: 
    create table jugadores (
        dorsal integer,
        edad integer,
        id_jugador integer generated by default as identity,
        nombre_equipo varchar(255),
        nombre_jugador varchar(255),
        posicion varchar(255),
        primary key (id_jugador)
    )
2026-02-04T17:22:09.755+01:00  INFO 38452 --- [jugadoresMySQL-test] [           main] j.LocalContainerEntityManagerFactoryBean : Initialized JPA EntityManagerFactory for persistence unit 'default'
2026-02-04T17:22:10.036+01:00  INFO 38452 --- [jugadoresMySQL-test] [           main] o.s.d.j.r.query.QueryEnhancerFactories   : Hibernate is in classpath; If applicable, HQL parser will be used.
2026-02-04T17:22:10.211+01:00  WARN 38452 --- [jugadoresMySQL-test] [           main] JpaBaseConfiguration$JpaWebConfiguration : spring.jpa.open-in-view is enabled by default. Therefore, database queries may be performed during view rendering. Explicitly configure spring.jpa.open-in-view to disable this warning
2026-02-04T17:22:10.225+01:00  INFO 38452 --- [jugadoresMySQL-test] [           main] o.s.b.w.a.WelcomePageHandlerMapping      : Adding welcome page template: index
2026-02-04T17:22:10.340+01:00 DEBUG 38452 --- [jugadoresMySQL-test] [           main] s.w.s.m.m.a.RequestMappingHandlerMapping : 20 mappings in 'requestMappingHandlerMapping'
2026-02-04T17:22:10.370+01:00 DEBUG 38452 --- [jugadoresMySQL-test] [           main] o.s.w.s.handler.SimpleUrlHandlerMapping  : Patterns [/webjars/**, /**] in 'resourceHandlerMapping'
2026-02-04T17:22:10.396+01:00 DEBUG 38452 --- [jugadoresMySQL-test] [           main] s.w.s.m.m.a.RequestMappingHandlerAdapter : ControllerAdvice beans: 0 @ModelAttribute, 0 @InitBinder, 2 RequestBodyAdvice, 1 ResponseBodyAdvice
2026-02-04T17:22:10.452+01:00 DEBUG 38452 --- [jugadoresMySQL-test] [           main] .m.m.a.ExceptionHandlerExceptionResolver : ControllerAdvice beans: 0 @ExceptionHandler, 1 ResponseBodyAdvice
2026-02-04T17:22:10.552+01:00  INFO 38452 --- [jugadoresMySQL-test] [           main] o.s.boot.tomcat.TomcatWebServer          : Tomcat started on port 60730 (http) with context path '/'
2026-02-04T17:22:10.557+01:00  INFO 38452 --- [jugadoresMySQL-test] [           main] c.e.j.integration.JugadorApiBasicTest    : Started JugadorApiBasicTest in 3.689 seconds (process running for 4.762)
2026-02-04T17:22:10.976+01:00 DEBUG 38452 --- [jugadoresMySQL-test] [           main] org.hibernate.SQL                        : 
    select
        j1_0.id_jugador,
        j1_0.dorsal,
        j1_0.edad,
        j1_0.nombre_equipo,
        j1_0.nombre_jugador,
        j1_0.posicion 
    from
        jugadores j1_0
Hibernate: 
    select
        j1_0.id_jugador,
        j1_0.dorsal,
        j1_0.edad,
        j1_0.nombre_equipo,
        j1_0.nombre_jugador,
        j1_0.posicion 
    from
        jugadores j1_0
2026-02-04T17:22:11.024+01:00 DEBUG 38452 --- [jugadoresMySQL-test] [           main] o.s.web.client.RestTemplate              : HTTP POST http://localhost:60730/api/jugadores
2026-02-04T17:22:11.028+01:00 DEBUG 38452 --- [jugadoresMySQL-test] [           main] o.s.web.client.RestTemplate              : Accept=[application/json, application/*+json]
2026-02-04T17:22:11.030+01:00 DEBUG 38452 --- [jugadoresMySQL-test] [           main] o.s.web.client.RestTemplate              : Writing [Jugador(idJugador=null, nombreJugador=Lionel Messi, nombreEquipo=PSG, posicion=Delantero, edad=35, dorsal=10)] with org.springframework.http.converter.json.JacksonJsonHttpMessageConverter
2026-02-04T17:22:11.088+01:00  INFO 38452 --- [jugadoresMySQL-test] [o-auto-1-exec-1] o.a.c.c.C.[Tomcat].[localhost].[/]       : Initializing Spring DispatcherServlet 'dispatcherServlet'
2026-02-04T17:22:11.088+01:00  INFO 38452 --- [jugadoresMySQL-test] [o-auto-1-exec-1] o.s.web.servlet.DispatcherServlet        : Initializing Servlet 'dispatcherServlet'
2026-02-04T17:22:11.088+01:00 DEBUG 38452 --- [jugadoresMySQL-test] [o-auto-1-exec-1] o.s.web.servlet.DispatcherServlet        : Detected StandardServletMultipartResolver
2026-02-04T17:22:11.088+01:00 DEBUG 38452 --- [jugadoresMySQL-test] [o-auto-1-exec-1] o.s.web.servlet.DispatcherServlet        : Detected AcceptHeaderLocaleResolver
2026-02-04T17:22:11.089+01:00 DEBUG 38452 --- [jugadoresMySQL-test] [o-auto-1-exec-1] o.s.web.servlet.DispatcherServlet        : Detected org.springframework.web.servlet.view.DefaultRequestToViewNameTranslator@3bca3dee
2026-02-04T17:22:11.089+01:00 DEBUG 38452 --- [jugadoresMySQL-test] [o-auto-1-exec-1] o.s.web.servlet.DispatcherServlet        : Detected org.springframework.web.servlet.support.SessionFlashMapManager@31137f4d
2026-02-04T17:22:11.089+01:00 DEBUG 38452 --- [jugadoresMySQL-test] [o-auto-1-exec-1] o.s.web.servlet.DispatcherServlet        : enableLoggingRequestDetails='false': request parameters and headers will be masked to prevent unsafe logging of potentially sensitive data
2026-02-04T17:22:11.089+01:00  INFO 38452 --- [jugadoresMySQL-test] [o-auto-1-exec-1] o.s.web.servlet.DispatcherServlet        : Completed initialization in 1 ms
2026-02-04T17:22:11.097+01:00 DEBUG 38452 --- [jugadoresMySQL-test] [o-auto-1-exec-1] o.s.web.servlet.DispatcherServlet        : POST "/api/jugadores", parameters={}
2026-02-04T17:22:11.104+01:00 DEBUG 38452 --- [jugadoresMySQL-test] [o-auto-1-exec-1] s.w.s.m.m.a.RequestMappingHandlerMapping : Mapped to com.example.jugadoresMySQL.controller.JugadorApiController#createJugador(Jugador)
2026-02-04T17:22:11.148+01:00 DEBUG 38452 --- [jugadoresMySQL-test] [o-auto-1-exec-1] m.m.a.RequestResponseBodyMethodProcessor : Read "application/json;charset=UTF-8" to [Jugador(idJugador=null, nombreJugador=Lionel Messi, nombreEquipo=PSG, posicion=Delantero, edad=35, d (truncated)...]
2026-02-04T17:22:11.199+01:00 DEBUG 38452 --- [jugadoresMySQL-test] [o-auto-1-exec-1] org.hibernate.SQL                        : 
    insert 
    into
        jugadores
        (dorsal, edad, nombre_equipo, nombre_jugador, posicion, id_jugador) 
    values
        (?, ?, ?, ?, ?, default)
Hibernate: 
    insert 
    into
        jugadores
        (dorsal, edad, nombre_equipo, nombre_jugador, posicion, id_jugador) 
    values
        (?, ?, ?, ?, ?, default)
2026-02-04T17:22:11.216+01:00 DEBUG 38452 --- [jugadoresMySQL-test] [o-auto-1-exec-1] o.s.w.s.m.m.a.HttpEntityMethodProcessor  : Using 'application/json', given [application/json, application/*+json] and supported [application/json, application/*+json]
2026-02-04T17:22:11.217+01:00 DEBUG 38452 --- [jugadoresMySQL-test] [o-auto-1-exec-1] o.s.w.s.m.m.a.HttpEntityMethodProcessor  : Writing [Jugador(idJugador=1, nombreJugador=Lionel Messi, nombreEquipo=PSG, posicion=Delantero, edad=35, dors (truncated)...]
2026-02-04T17:22:11.222+01:00 DEBUG 38452 --- [jugadoresMySQL-test] [o-auto-1-exec-1] o.s.web.servlet.DispatcherServlet        : Completed 201 CREATED
2026-02-04T17:22:11.222+01:00 DEBUG 38452 --- [jugadoresMySQL-test] [           main] o.s.web.client.RestTemplate              : Response 201 CREATED
2026-02-04T17:22:11.223+01:00 DEBUG 38452 --- [jugadoresMySQL-test] [           main] o.s.web.client.RestTemplate              : Reading to [com.example.jugadoresMySQL.model.Jugador]
]]></system-out>
    <system-err><![CDATA[Mockito is currently self-attaching to enable the inline-mock-maker. This will no longer work in future releases of the JDK. Please add Mockito as an agent to your build as described in Mockito's documentation: https://javadoc.io/doc/org.mockito/mockito-core/latest/org.mockito/org/mockito/Mockito.html#0.3
WARNING: A Java agent has been loaded dynamically (C:\Users\globo\.m2\repository\net\bytebuddy\byte-buddy-agent\1.17.8\byte-buddy-agent-1.17.8.jar)
WARNING: If a serviceability tool is in use, please run with -XX:+EnableDynamicAgentLoading to hide this warning
WARNING: If a serviceability tool is not in use, please run with -Djdk.instrument.traceUsage for more information
WARNING: Dynamic loading of agents will be disallowed by default in a future release
]]></system-err>
  </testcase>
  <testcase name="should get all players" classname="com.example.jugadoresMySQL.integration.JugadorApiBasicTest" time="0.027">
    <system-out><![CDATA[2026-02-04T17:22:11.238+01:00 DEBUG 38452 --- [jugadoresMySQL-test] [           main] org.hibernate.SQL                        : 
    select
        j1_0.id_jugador,
        j1_0.dorsal,
        j1_0.edad,
        j1_0.nombre_equipo,
        j1_0.nombre_jugador,
        j1_0.posicion 
    from
        jugadores j1_0
Hibernate: 
    select
        j1_0.id_jugador,
        j1_0.dorsal,
        j1_0.edad,
        j1_0.nombre_equipo,
        j1_0.nombre_jugador,
        j1_0.posicion 
    from
        jugadores j1_0
2026-02-04T17:22:11.244+01:00 DEBUG 38452 --- [jugadoresMySQL-test] [           main] org.hibernate.SQL                        : 
    delete 
    from
        jugadores 
    where
        id_jugador=?
Hibernate: 
    delete 
    from
        jugadores 
    where
        id_jugador=?
2026-02-04T17:22:11.247+01:00 DEBUG 38452 --- [jugadoresMySQL-test] [           main] org.hibernate.SQL                        : 
    insert 
    into
        jugadores
        (dorsal, edad, nombre_equipo, nombre_jugador, posicion, id_jugador) 
    values
        (?, ?, ?, ?, ?, default)
Hibernate: 
    insert 
    into
        jugadores
        (dorsal, edad, nombre_equipo, nombre_jugador, posicion, id_jugador) 
    values
        (?, ?, ?, ?, ?, default)
2026-02-04T17:22:11.247+01:00 DEBUG 38452 --- [jugadoresMySQL-test] [           main] org.hibernate.SQL                        : 
    insert 
    into
        jugadores
        (dorsal, edad, nombre_equipo, nombre_jugador, posicion, id_jugador) 
    values
        (?, ?, ?, ?, ?, default)
Hibernate: 
    insert 
    into
        jugadores
        (dorsal, edad, nombre_equipo, nombre_jugador, posicion, id_jugador) 
    values
        (?, ?, ?, ?, ?, default)
2026-02-04T17:22:11.248+01:00 DEBUG 38452 --- [jugadoresMySQL-test] [           main] o.s.web.client.RestTemplate              : HTTP GET http://localhost:60730/api/jugadores
2026-02-04T17:22:11.248+01:00 DEBUG 38452 --- [jugadoresMySQL-test] [           main] o.s.web.client.RestTemplate              : Accept=[application/json, application/*+json]
2026-02-04T17:22:11.250+01:00 DEBUG 38452 --- [jugadoresMySQL-test] [o-auto-1-exec-2] o.s.web.servlet.DispatcherServlet        : GET "/api/jugadores", parameters={}
2026-02-04T17:22:11.250+01:00 DEBUG 38452 --- [jugadoresMySQL-test] [o-auto-1-exec-2] s.w.s.m.m.a.RequestMappingHandlerMapping : Mapped to com.example.jugadoresMySQL.controller.JugadorApiController#getAllJugadores()
2026-02-04T17:22:11.254+01:00 DEBUG 38452 --- [jugadoresMySQL-test] [o-auto-1-exec-2] org.hibernate.SQL                        : 
    select
        j1_0.id_jugador,
        j1_0.dorsal,
        j1_0.edad,
        j1_0.nombre_equipo,
        j1_0.nombre_jugador,
        j1_0.posicion 
    from
        jugadores j1_0
Hibernate: 
    select
        j1_0.id_jugador,
        j1_0.dorsal,
        j1_0.edad,
        j1_0.nombre_equipo,
        j1_0.nombre_jugador,
        j1_0.posicion 
    from
        jugadores j1_0
2026-02-04T17:22:11.255+01:00 DEBUG 38452 --- [jugadoresMySQL-test] [o-auto-1-exec-2] o.s.w.s.m.m.a.HttpEntityMethodProcessor  : Using 'application/json', given [application/json, application/*+json] and supported [application/json, application/*+json]
2026-02-04T17:22:11.255+01:00 DEBUG 38452 --- [jugadoresMySQL-test] [o-auto-1-exec-2] o.s.w.s.m.m.a.HttpEntityMethodProcessor  : Writing [[Jugador(idJugador=2, nombreJugador=Lionel Messi, nombreEquipo=PSG, posicion=Delantero, edad=35, dor (truncated)...]
2026-02-04T17:22:11.258+01:00 DEBUG 38452 --- [jugadoresMySQL-test] [o-auto-1-exec-2] o.s.web.servlet.DispatcherServlet        : Completed 200 OK
2026-02-04T17:22:11.258+01:00 DEBUG 38452 --- [jugadoresMySQL-test] [           main] o.s.web.client.RestTemplate              : Response 200 OK
2026-02-04T17:22:11.258+01:00 DEBUG 38452 --- [jugadoresMySQL-test] [           main] o.s.web.client.RestTemplate              : Reading to [com.example.jugadoresMySQL.model.Jugador[]]
]]></system-out>
  </testcase>
  <testcase name="should get player by id" classname="com.example.jugadoresMySQL.integration.JugadorApiBasicTest" time="0.023">
    <system-out><![CDATA[2026-02-04T17:22:11.267+01:00 DEBUG 38452 --- [jugadoresMySQL-test] [           main] org.hibernate.SQL                        : 
    select
        j1_0.id_jugador,
        j1_0.dorsal,
        j1_0.edad,
        j1_0.nombre_equipo,
        j1_0.nombre_jugador,
        j1_0.posicion 
    from
        jugadores j1_0
Hibernate: 
    select
        j1_0.id_jugador,
        j1_0.dorsal,
        j1_0.edad,
        j1_0.nombre_equipo,
        j1_0.nombre_jugador,
        j1_0.posicion 
    from
        jugadores j1_0
2026-02-04T17:22:11.268+01:00 DEBUG 38452 --- [jugadoresMySQL-test] [           main] org.hibernate.SQL                        : 
    delete 
    from
        jugadores 
    where
        id_jugador=?
Hibernate: 
    delete 
    from
        jugadores 
    where
        id_jugador=?
2026-02-04T17:22:11.268+01:00 DEBUG 38452 --- [jugadoresMySQL-test] [           main] org.hibernate.SQL                        : 
    delete 
    from
        jugadores 
    where
        id_jugador=?
Hibernate: 
    delete 
    from
        jugadores 
    where
        id_jugador=?
2026-02-04T17:22:11.269+01:00 DEBUG 38452 --- [jugadoresMySQL-test] [           main] org.hibernate.SQL                        : 
    insert 
    into
        jugadores
        (dorsal, edad, nombre_equipo, nombre_jugador, posicion, id_jugador) 
    values
        (?, ?, ?, ?, ?, default)
Hibernate: 
    insert 
    into
        jugadores
        (dorsal, edad, nombre_equipo, nombre_jugador, posicion, id_jugador) 
    values
        (?, ?, ?, ?, ?, default)
2026-02-04T17:22:11.270+01:00 DEBUG 38452 --- [jugadoresMySQL-test] [           main] o.s.web.client.RestTemplate              : HTTP GET http://localhost:60730/api/jugadores/4
2026-02-04T17:22:11.270+01:00 DEBUG 38452 --- [jugadoresMySQL-test] [           main] o.s.web.client.RestTemplate              : Accept=[application/json, application/*+json]
2026-02-04T17:22:11.271+01:00 DEBUG 38452 --- [jugadoresMySQL-test] [o-auto-1-exec-3] o.s.web.servlet.DispatcherServlet        : GET "/api/jugadores/4", parameters={}
2026-02-04T17:22:11.272+01:00 DEBUG 38452 --- [jugadoresMySQL-test] [o-auto-1-exec-3] s.w.s.m.m.a.RequestMappingHandlerMapping : Mapped to com.example.jugadoresMySQL.controller.JugadorApiController#getJugadorById(int)
2026-02-04T17:22:11.281+01:00 DEBUG 38452 --- [jugadoresMySQL-test] [o-auto-1-exec-3] org.hibernate.SQL                        : 
    select
        j1_0.id_jugador,
        j1_0.dorsal,
        j1_0.edad,
        j1_0.nombre_equipo,
        j1_0.nombre_jugador,
        j1_0.posicion 
    from
        jugadores j1_0 
    where
        j1_0.id_jugador=?
Hibernate: 
    select
        j1_0.id_jugador,
        j1_0.dorsal,
        j1_0.edad,
        j1_0.nombre_equipo,
        j1_0.nombre_jugador,
        j1_0.posicion 
    from
        jugadores j1_0 
    where
        j1_0.id_jugador=?
2026-02-04T17:22:11.283+01:00 DEBUG 38452 --- [jugadoresMySQL-test] [o-auto-1-exec-3] o.s.w.s.m.m.a.HttpEntityMethodProcessor  : Using 'application/json', given [application/json, application/*+json] and supported [application/json, application/*+json]
2026-02-04T17:22:11.283+01:00 DEBUG 38452 --- [jugadoresMySQL-test] [o-auto-1-exec-3] o.s.w.s.m.m.a.HttpEntityMethodProcessor  : Writing [Jugador(idJugador=4, nombreJugador=Lionel Messi, nombreEquipo=PSG, posicion=Delantero, edad=35, dors (truncated)...]
2026-02-04T17:22:11.284+01:00 DEBUG 38452 --- [jugadoresMySQL-test] [           main] o.s.web.client.RestTemplate              : Response 200 OK
2026-02-04T17:22:11.284+01:00 DEBUG 38452 --- [jugadoresMySQL-test] [o-auto-1-exec-3] o.s.web.servlet.DispatcherServlet        : Completed 200 OK
2026-02-04T17:22:11.284+01:00 DEBUG 38452 --- [jugadoresMySQL-test] [           main] o.s.web.client.RestTemplate              : Reading to [com.example.jugadoresMySQL.model.Jugador]
]]></system-out>
  </testcase>
  <testcase name="should get statistics" classname="com.example.jugadoresMySQL.integration.JugadorApiBasicTest" time="0.017">
    <system-out><![CDATA[2026-02-04T17:22:11.291+01:00 DEBUG 38452 --- [jugadoresMySQL-test] [           main] org.hibernate.SQL                        : 
    select
        j1_0.id_jugador,
        j1_0.dorsal,
        j1_0.edad,
        j1_0.nombre_equipo,
        j1_0.nombre_jugador,
        j1_0.posicion 
    from
        jugadores j1_0
Hibernate: 
    select
        j1_0.id_jugador,
        j1_0.dorsal,
        j1_0.edad,
        j1_0.nombre_equipo,
        j1_0.nombre_jugador,
        j1_0.posicion 
    from
        jugadores j1_0
2026-02-04T17:22:11.292+01:00 DEBUG 38452 --- [jugadoresMySQL-test] [           main] org.hibernate.SQL                        : 
    delete 
    from
        jugadores 
    where
        id_jugador=?
Hibernate: 
    delete 
    from
        jugadores 
    where
        id_jugador=?
2026-02-04T17:22:11.293+01:00 DEBUG 38452 --- [jugadoresMySQL-test] [           main] org.hibernate.SQL                        : 
    insert 
    into
        jugadores
        (dorsal, edad, nombre_equipo, nombre_jugador, posicion, id_jugador) 
    values
        (?, ?, ?, ?, ?, default)
Hibernate: 
    insert 
    into
        jugadores
        (dorsal, edad, nombre_equipo, nombre_jugador, posicion, id_jugador) 
    values
        (?, ?, ?, ?, ?, default)
2026-02-04T17:22:11.294+01:00 DEBUG 38452 --- [jugadoresMySQL-test] [           main] org.hibernate.SQL                        : 
    insert 
    into
        jugadores
        (dorsal, edad, nombre_equipo, nombre_jugador, posicion, id_jugador) 
    values
        (?, ?, ?, ?, ?, default)
Hibernate: 
    insert 
    into
        jugadores
        (dorsal, edad, nombre_equipo, nombre_jugador, posicion, id_jugador) 
    values
        (?, ?, ?, ?, ?, default)
2026-02-04T17:22:11.294+01:00 DEBUG 38452 --- [jugadoresMySQL-test] [           main] org.hibernate.SQL                        : 
    insert 
    into
        jugadores
        (dorsal, edad, nombre_equipo, nombre_jugador, posicion, id_jugador) 
    values
        (?, ?, ?, ?, ?, default)
Hibernate: 
    insert 
    into
        jugadores
        (dorsal, edad, nombre_equipo, nombre_jugador, posicion, id_jugador) 
    values
        (?, ?, ?, ?, ?, default)
2026-02-04T17:22:11.295+01:00 DEBUG 38452 --- [jugadoresMySQL-test] [           main] o.s.web.client.RestTemplate              : HTTP GET http://localhost:60730/api/jugadores/estadisticas
2026-02-04T17:22:11.295+01:00 DEBUG 38452 --- [jugadoresMySQL-test] [           main] o.s.web.client.RestTemplate              : Accept=[application/json, application/*+json]
2026-02-04T17:22:11.296+01:00 DEBUG 38452 --- [jugadoresMySQL-test] [o-auto-1-exec-4] o.s.web.servlet.DispatcherServlet        : GET "/api/jugadores/estadisticas", parameters={}
2026-02-04T17:22:11.297+01:00 DEBUG 38452 --- [jugadoresMySQL-test] [o-auto-1-exec-4] s.w.s.m.m.a.RequestMappingHandlerMapping : Mapped to com.example.jugadoresMySQL.controller.JugadorApiController#getEstadisticas()
2026-02-04T17:22:11.299+01:00 DEBUG 38452 --- [jugadoresMySQL-test] [o-auto-1-exec-4] org.hibernate.SQL                        : 
    select
        j1_0.id_jugador,
        j1_0.dorsal,
        j1_0.edad,
        j1_0.nombre_equipo,
        j1_0.nombre_jugador,
        j1_0.posicion 
    from
        jugadores j1_0
Hibernate: 
    select
        j1_0.id_jugador,
        j1_0.dorsal,
        j1_0.edad,
        j1_0.nombre_equipo,
        j1_0.nombre_jugador,
        j1_0.posicion 
    from
        jugadores j1_0
2026-02-04T17:22:11.300+01:00 DEBUG 38452 --- [jugadoresMySQL-test] [o-auto-1-exec-4] o.s.w.s.m.m.a.HttpEntityMethodProcessor  : Using 'application/json', given [application/json, application/*+json] and supported [application/json, application/*+json]
2026-02-04T17:22:11.300+01:00 DEBUG 38452 --- [jugadoresMySQL-test] [o-auto-1-exec-4] o.s.w.s.m.m.a.HttpEntityMethodProcessor  : Writing [{totalJugadores=3, totalEquipos=3, jugadoresJovenes=1, jugadoresVeteranos=0, jugadoresExpertos=2, po (truncated)...]
2026-02-04T17:22:11.304+01:00 DEBUG 38452 --- [jugadoresMySQL-test] [           main] o.s.web.client.RestTemplate              : Response 200 OK
2026-02-04T17:22:11.304+01:00 DEBUG 38452 --- [jugadoresMySQL-test] [o-auto-1-exec-4] o.s.web.servlet.DispatcherServlet        : Completed 200 OK
2026-02-04T17:22:11.304+01:00 DEBUG 38452 --- [jugadoresMySQL-test] [           main] o.s.web.client.RestTemplate              : Reading to [java.util.Map<?, ?>]
Estadísticas recibidas:
totalJugadores: 3 (tipo: Integer)
totalEquipos: 3 (tipo: Integer)
jugadoresJovenes: 1 (tipo: Integer)
jugadoresVeteranos: 0 (tipo: Integer)
jugadoresExpertos: 2 (tipo: Integer)
posiciones: [Delantero, Centrocampista] (tipo: ArrayList)
equipos: [PSG, Al Nassr, Real Madrid] (tipo: ArrayList)
]]></system-out>
  </testcase>
  <testcase name="should return 404 for non-existent player" classname="com.example.jugadoresMySQL.integration.JugadorApiBasicTest" time="0.014">
    <system-out><![CDATA[2026-02-04T17:22:11.310+01:00 DEBUG 38452 --- [jugadoresMySQL-test] [           main] org.hibernate.SQL                        : 
    select
        j1_0.id_jugador,
        j1_0.dorsal,
        j1_0.edad,
        j1_0.nombre_equipo,
        j1_0.nombre_jugador,
        j1_0.posicion 
    from
        jugadores j1_0
Hibernate: 
    select
        j1_0.id_jugador,
        j1_0.dorsal,
        j1_0.edad,
        j1_0.nombre_equipo,
        j1_0.nombre_jugador,
        j1_0.posicion 
    from
        jugadores j1_0
2026-02-04T17:22:11.311+01:00 DEBUG 38452 --- [jugadoresMySQL-test] [           main] org.hibernate.SQL                        : 
    delete 
    from
        jugadores 
    where
        id_jugador=?
Hibernate: 
    delete 
    from
        jugadores 
    where
        id_jugador=?
2026-02-04T17:22:11.312+01:00 DEBUG 38452 --- [jugadoresMySQL-test] [           main] org.hibernate.SQL                        : 
    delete 
    from
        jugadores 
    where
        id_jugador=?
Hibernate: 
    delete 
    from
        jugadores 
    where
        id_jugador=?
2026-02-04T17:22:11.312+01:00 DEBUG 38452 --- [jugadoresMySQL-test] [           main] org.hibernate.SQL                        : 
    delete 
    from
        jugadores 
    where
        id_jugador=?
Hibernate: 
    delete 
    from
        jugadores 
    where
        id_jugador=?
2026-02-04T17:22:11.313+01:00 DEBUG 38452 --- [jugadoresMySQL-test] [           main] o.s.web.client.RestTemplate              : HTTP GET http://localhost:60730/api/jugadores/999
2026-02-04T17:22:11.313+01:00 DEBUG 38452 --- [jugadoresMySQL-test] [           main] o.s.web.client.RestTemplate              : Accept=[text/plain, application/json, application/*+json, */*]
2026-02-04T17:22:11.314+01:00 DEBUG 38452 --- [jugadoresMySQL-test] [o-auto-1-exec-5] o.s.web.servlet.DispatcherServlet        : GET "/api/jugadores/999", parameters={}
2026-02-04T17:22:11.314+01:00 DEBUG 38452 --- [jugadoresMySQL-test] [o-auto-1-exec-5] s.w.s.m.m.a.RequestMappingHandlerMapping : Mapped to com.example.jugadoresMySQL.controller.JugadorApiController#getJugadorById(int)
2026-02-04T17:22:11.316+01:00 DEBUG 38452 --- [jugadoresMySQL-test] [o-auto-1-exec-5] org.hibernate.SQL                        : 
    select
        j1_0.id_jugador,
        j1_0.dorsal,
        j1_0.edad,
        j1_0.nombre_equipo,
        j1_0.nombre_jugador,
        j1_0.posicion 
    from
        jugadores j1_0 
    where
        j1_0.id_jugador=?
Hibernate: 
    select
        j1_0.id_jugador,
        j1_0.dorsal,
        j1_0.edad,
        j1_0.nombre_equipo,
        j1_0.nombre_jugador,
        j1_0.posicion 
    from
        jugadores j1_0 
    where
        j1_0.id_jugador=?
2026-02-04T17:22:11.316+01:00 DEBUG 38452 --- [jugadoresMySQL-test] [o-auto-1-exec-5] o.s.w.s.m.m.a.HttpEntityMethodProcessor  : Using 'application/json', given [text/plain, application/json, application/*+json, */*] and supported [application/json, application/*+json]
2026-02-04T17:22:11.316+01:00 DEBUG 38452 --- [jugadoresMySQL-test] [o-auto-1-exec-5] o.s.w.s.m.m.a.HttpEntityMethodProcessor  : Nothing to write: null body
2026-02-04T17:22:11.317+01:00 DEBUG 38452 --- [jugadoresMySQL-test] [o-auto-1-exec-5] o.s.web.servlet.DispatcherServlet        : Completed 404 NOT_FOUND
2026-02-04T17:22:11.318+01:00 DEBUG 38452 --- [jugadoresMySQL-test] [           main] o.s.web.client.RestTemplate              : Response 404 NOT_FOUND
]]></system-out>
  </testcase>
  <testcase name="should return empty list when no players exist" classname="com.example.jugadoresMySQL.integration.JugadorApiBasicTest" time="0.011">
    <system-out><![CDATA[2026-02-04T17:22:11.326+01:00 DEBUG 38452 --- [jugadoresMySQL-test] [           main] org.hibernate.SQL                        : 
    select
        j1_0.id_jugador,
        j1_0.dorsal,
        j1_0.edad,
        j1_0.nombre_equipo,
        j1_0.nombre_jugador,
        j1_0.posicion 
    from
        jugadores j1_0
Hibernate: 
    select
        j1_0.id_jugador,
        j1_0.dorsal,
        j1_0.edad,
        j1_0.nombre_equipo,
        j1_0.nombre_jugador,
        j1_0.posicion 
    from
        jugadores j1_0
2026-02-04T17:22:11.327+01:00 DEBUG 38452 --- [jugadoresMySQL-test] [           main] o.s.web.client.RestTemplate              : HTTP GET http://localhost:60730/api/jugadores
2026-02-04T17:22:11.328+01:00 DEBUG 38452 --- [jugadoresMySQL-test] [           main] o.s.web.client.RestTemplate              : Accept=[application/json, application/*+json]
2026-02-04T17:22:11.328+01:00 DEBUG 38452 --- [jugadoresMySQL-test] [o-auto-1-exec-6] o.s.web.servlet.DispatcherServlet        : GET "/api/jugadores", parameters={}
2026-02-04T17:22:11.328+01:00 DEBUG 38452 --- [jugadoresMySQL-test] [o-auto-1-exec-6] s.w.s.m.m.a.RequestMappingHandlerMapping : Mapped to com.example.jugadoresMySQL.controller.JugadorApiController#getAllJugadores()
2026-02-04T17:22:11.330+01:00 DEBUG 38452 --- [jugadoresMySQL-test] [o-auto-1-exec-6] org.hibernate.SQL                        : 
    select
        j1_0.id_jugador,
        j1_0.dorsal,
        j1_0.edad,
        j1_0.nombre_equipo,
        j1_0.nombre_jugador,
        j1_0.posicion 
    from
        jugadores j1_0
Hibernate: 
    select
        j1_0.id_jugador,
        j1_0.dorsal,
        j1_0.edad,
        j1_0.nombre_equipo,
        j1_0.nombre_jugador,
        j1_0.posicion 
    from
        jugadores j1_0
2026-02-04T17:22:11.331+01:00 DEBUG 38452 --- [jugadoresMySQL-test] [o-auto-1-exec-6] o.s.w.s.m.m.a.HttpEntityMethodProcessor  : Using 'application/json', given [application/json, application/*+json] and supported [application/json, application/*+json]
2026-02-04T17:22:11.331+01:00 DEBUG 38452 --- [jugadoresMySQL-test] [o-auto-1-exec-6] o.s.w.s.m.m.a.HttpEntityMethodProcessor  : Writing [[]]
2026-02-04T17:22:11.331+01:00 DEBUG 38452 --- [jugadoresMySQL-test] [o-auto-1-exec-6] o.s.web.servlet.DispatcherServlet        : Completed 200 OK
2026-02-04T17:22:11.331+01:00 DEBUG 38452 --- [jugadoresMySQL-test] [           main] o.s.web.client.RestTemplate              : Response 200 OK
2026-02-04T17:22:11.332+01:00 DEBUG 38452 --- [jugadoresMySQL-test] [           main] o.s.web.client.RestTemplate              : Reading to [com.example.jugadoresMySQL.model.Jugador[]]
]]></system-out>
  </testcase>
</testsuite>